<?xml version="1.0" encoding="UTF-8"?>
<!-- Generated by org.testng.reporters.JUnitReportReporter -->
<testsuite skipped="0" hostname="HariReddy" name="framework.Events" tests="1" failures="0" timestamp="04 Oct 2018 14:00:05 GMT" time="9.341" errors="0">
  <testcase name="LaunchBrowser" time="9.341" classname="framework.Events"/>
</testsuite> <!-- framework.Events -->
